[0.591s] DEBUG:colcon:Command line arguments: ['/usr/bin/colcon', 'build', '--symlink-install']
[0.591s] DEBUG:colcon:Parsed command line arguments: Namespace(allow_overriding=[], ament_cmake_args=None, base_paths=['.'], build_base='build', catkin_cmake_args=None, catkin_skip_building_tests=False, cmake_args=None, cmake_clean_cache=False, cmake_clean_first=False, cmake_force_configure=False, cmake_target=None, cmake_target_skip_unavailable=False, continue_on_error=False, event_handlers=None, executor='parallel', ignore_user_meta=False, install_base='install', log_base=None, log_level=None, main=<bound method BuildVerb.main of <colcon_core.verb.build.BuildVerb object at 0x7f67a44cb9d0>>, merge_install=False, metas=['./colcon.meta'], mixin=None, mixin_files=None, mixin_verb=('build',), packages_above=None, packages_above_and_dependencies=None, packages_above_depth=None, packages_end=None, packages_ignore=None, packages_ignore_regex=None, packages_select=None, packages_select_build_failed=False, packages_select_by_dep=None, packages_select_regex=None, packages_select_test_failures=False, packages_skip=None, packages_skip_build_finished=False, packages_skip_by_dep=None, packages_skip_regex=None, packages_skip_test_passed=False, packages_skip_up_to=None, packages_start=None, packages_up_to=None, packages_up_to_regex=None, parallel_workers=2, paths=None, symlink_install=True, test_result_base=None, verb_extension=<colcon_core.verb.build.BuildVerb object at 0x7f67a44cb9d0>, verb_name='build', verb_parser=<colcon_mixin.mixin.mixin_argument.MixinArgumentDecorator object at 0x7f67a4392d30>)
[0.720s] Level 1:colcon.colcon_core.package_discovery:discover_packages(colcon_meta) check parameters
[0.720s] Level 1:colcon.colcon_core.package_discovery:discover_packages(recursive) check parameters
[0.720s] Level 1:colcon.colcon_core.package_discovery:discover_packages(ignore) check parameters
[0.720s] Level 1:colcon.colcon_core.package_discovery:discover_packages(path) check parameters
[0.721s] Level 1:colcon.colcon_core.package_discovery:discover_packages(colcon_meta) discover
[0.721s] Level 1:colcon.colcon_core.package_discovery:discover_packages(recursive) discover
[0.721s] INFO:colcon.colcon_core.package_discovery:Crawling recursively for packages in '/home/datcao/dev_ws/src/bena'
[0.721s] Level 1:colcon.colcon_core.package_identification:_identify(.) by extensions ['ignore', 'ignore_ament_install']
[0.721s] Level 1:colcon.colcon_core.package_identification:_identify(.) by extension 'ignore'
[0.721s] Level 1:colcon.colcon_core.package_identification:_identify(.) by extension 'ignore_ament_install'
[0.721s] Level 1:colcon.colcon_core.package_identification:_identify(.) by extensions ['colcon_pkg']
[0.721s] Level 1:colcon.colcon_core.package_identification:_identify(.) by extension 'colcon_pkg'
[0.721s] Level 1:colcon.colcon_core.package_identification:_identify(.) by extensions ['colcon_meta']
[0.721s] Level 1:colcon.colcon_core.package_identification:_identify(.) by extension 'colcon_meta'
[0.721s] Level 1:colcon.colcon_core.package_identification:_identify(.) by extensions ['ros']
[0.721s] Level 1:colcon.colcon_core.package_identification:_identify(.) by extension 'ros'
[0.753s] DEBUG:colcon.colcon_core.package_identification:Package '.' with type 'ros.ament_cmake' and name 'bena'
[0.753s] Level 1:colcon.colcon_core.package_discovery:discover_packages(recursive) using defaults
[0.753s] Level 1:colcon.colcon_core.package_discovery:discover_packages(ignore) discover
[0.753s] Level 1:colcon.colcon_core.package_discovery:discover_packages(ignore) using defaults
[0.753s] Level 1:colcon.colcon_core.package_discovery:discover_packages(path) discover
[0.753s] Level 1:colcon.colcon_core.package_discovery:discover_packages(path) using defaults
[0.802s] Level 1:colcon.colcon_core.package_discovery:discover_packages(prefix_path) check parameters
[0.802s] Level 1:colcon.colcon_core.package_discovery:discover_packages(prefix_path) discover
[0.817s] DEBUG:colcon.colcon_installed_package_information.package_discovery:Found 4 installed packages in /home/datcao/dev_ws/install
[0.821s] DEBUG:colcon.colcon_installed_package_information.package_discovery:Found 324 installed packages in /opt/ros/foxy
[0.822s] Level 1:colcon.colcon_core.package_discovery:discover_packages(prefix_path) using defaults
[0.972s] Level 5:colcon.colcon_core.verb:set package 'bena' build argument 'cmake_args' from command line to 'None'
[0.972s] Level 5:colcon.colcon_core.verb:set package 'bena' build argument 'cmake_target' from command line to 'None'
[0.972s] Level 5:colcon.colcon_core.verb:set package 'bena' build argument 'cmake_target_skip_unavailable' from command line to 'False'
[0.972s] Level 5:colcon.colcon_core.verb:set package 'bena' build argument 'cmake_clean_cache' from command line to 'False'
[0.972s] Level 5:colcon.colcon_core.verb:set package 'bena' build argument 'cmake_clean_first' from command line to 'False'
[0.972s] Level 5:colcon.colcon_core.verb:set package 'bena' build argument 'cmake_force_configure' from command line to 'False'
[0.972s] Level 5:colcon.colcon_core.verb:set package 'bena' build argument 'ament_cmake_args' from command line to 'None'
[0.972s] Level 5:colcon.colcon_core.verb:set package 'bena' build argument 'catkin_cmake_args' from command line to 'None'
[0.972s] Level 5:colcon.colcon_core.verb:set package 'bena' build argument 'catkin_skip_building_tests' from command line to 'False'
[0.972s] DEBUG:colcon.colcon_core.verb:Building package 'bena' with the following arguments: {'ament_cmake_args': None, 'build_base': '/home/datcao/dev_ws/src/bena/build/bena', 'catkin_cmake_args': None, 'catkin_skip_building_tests': False, 'cmake_args': None, 'cmake_clean_cache': False, 'cmake_clean_first': False, 'cmake_force_configure': False, 'cmake_target': None, 'cmake_target_skip_unavailable': False, 'install_base': '/home/datcao/dev_ws/src/bena/install/bena', 'merge_install': False, 'path': '/home/datcao/dev_ws/src/bena', 'symlink_install': True, 'test_result_base': None}
[0.972s] INFO:colcon.colcon_core.executor:Executing jobs using 'parallel' executor
[0.974s] DEBUG:colcon.colcon_parallel_executor.executor.parallel:run_until_complete
[0.974s] INFO:colcon.colcon_ros.task.ament_cmake.build:Building ROS package in '/home/datcao/dev_ws/src/bena' with build type 'ament_cmake'
[0.974s] INFO:colcon.colcon_cmake.task.cmake.build:Building CMake package in '/home/datcao/dev_ws/src/bena'
[0.981s] INFO:colcon.colcon_core.plugin_system:Skipping extension 'colcon_core.shell.bat': Not used on non-Windows systems
[0.981s] INFO:colcon.colcon_core.shell:Skip shell extension 'powershell' for command environment: Not usable outside of PowerShell
[0.981s] DEBUG:colcon.colcon_core.shell:Skip shell extension 'dsv' for command environment
[0.990s] DEBUG:colcon.colcon_core.event_handler.log_command:Invoking command in '/home/datcao/dev_ws/src/bena/build/bena': CMAKE_PREFIX_PATH=${CMAKE_PREFIX_PATH}:/opt/ros/foxy /usr/bin/cmake /home/datcao/dev_ws/src/bena -DAMENT_CMAKE_SYMLINK_INSTALL=1 -DCMAKE_INSTALL_PREFIX=/home/datcao/dev_ws/src/bena/install/bena
[3.334s] DEBUG:colcon.colcon_core.event_handler.log_command:Invoked command in '/home/datcao/dev_ws/src/bena/build/bena' returned '0': CMAKE_PREFIX_PATH=${CMAKE_PREFIX_PATH}:/opt/ros/foxy /usr/bin/cmake /home/datcao/dev_ws/src/bena -DAMENT_CMAKE_SYMLINK_INSTALL=1 -DCMAKE_INSTALL_PREFIX=/home/datcao/dev_ws/src/bena/install/bena
[3.335s] DEBUG:colcon.colcon_core.event_handler.log_command:Invoking command in '/home/datcao/dev_ws/src/bena/build/bena': CMAKE_PREFIX_PATH=${CMAKE_PREFIX_PATH}:/opt/ros/foxy /usr/bin/cmake --build /home/datcao/dev_ws/src/bena/build/bena -- -j2 -l2
[3.368s] DEBUG:colcon.colcon_core.event_handler.log_command:Invoked command in '/home/datcao/dev_ws/src/bena/build/bena' returned '0': CMAKE_PREFIX_PATH=${CMAKE_PREFIX_PATH}:/opt/ros/foxy /usr/bin/cmake --build /home/datcao/dev_ws/src/bena/build/bena -- -j2 -l2
[3.396s] DEBUG:colcon.colcon_core.event_handler.log_command:Invoking command in '/home/datcao/dev_ws/src/bena/build/bena': CMAKE_PREFIX_PATH=${CMAKE_PREFIX_PATH}:/opt/ros/foxy /usr/bin/cmake --install /home/datcao/dev_ws/src/bena/build/bena
[3.634s] Level 1:colcon.colcon_core.environment:create_environment_scripts_only(bena)
[3.634s] DEBUG:colcon.colcon_core.event_handler.log_command:Invoked command in '/home/datcao/dev_ws/src/bena/build/bena' returned '0': CMAKE_PREFIX_PATH=${CMAKE_PREFIX_PATH}:/opt/ros/foxy /usr/bin/cmake --install /home/datcao/dev_ws/src/bena/build/bena
[3.642s] Level 1:colcon.colcon_core.environment:checking '/home/datcao/dev_ws/src/bena/install/bena' for CMake module files
[3.642s] Level 1:colcon.colcon_core.environment:checking '/home/datcao/dev_ws/src/bena/install/bena' for CMake config files
[3.642s] Level 1:colcon.colcon_core.shell:create_environment_hook('bena', 'cmake_prefix_path')
[3.642s] INFO:colcon.colcon_core.shell:Creating environment hook '/home/datcao/dev_ws/src/bena/install/bena/share/bena/hook/cmake_prefix_path.ps1'
[3.643s] INFO:colcon.colcon_core.shell:Creating environment descriptor '/home/datcao/dev_ws/src/bena/install/bena/share/bena/hook/cmake_prefix_path.dsv'
[3.644s] INFO:colcon.colcon_core.shell:Creating environment hook '/home/datcao/dev_ws/src/bena/install/bena/share/bena/hook/cmake_prefix_path.sh'
[3.646s] Level 1:colcon.colcon_core.environment:checking '/home/datcao/dev_ws/src/bena/install/bena/bin'
[3.646s] Level 1:colcon.colcon_core.environment:checking '/home/datcao/dev_ws/src/bena/install/bena/lib/pkgconfig/bena.pc'
[3.646s] Level 1:colcon.colcon_core.environment:checking '/home/datcao/dev_ws/src/bena/install/bena/lib/python3.8/site-packages'
[3.646s] Level 1:colcon.colcon_core.environment:checking '/home/datcao/dev_ws/src/bena/install/bena/bin'
[3.646s] INFO:colcon.colcon_core.shell:Creating package script '/home/datcao/dev_ws/src/bena/install/bena/share/bena/package.ps1'
[3.647s] INFO:colcon.colcon_core.shell:Creating package descriptor '/home/datcao/dev_ws/src/bena/install/bena/share/bena/package.dsv'
[3.648s] INFO:colcon.colcon_core.shell:Creating package script '/home/datcao/dev_ws/src/bena/install/bena/share/bena/package.sh'
[3.648s] INFO:colcon.colcon_core.shell:Creating package script '/home/datcao/dev_ws/src/bena/install/bena/share/bena/package.bash'
[3.649s] INFO:colcon.colcon_core.shell:Creating package script '/home/datcao/dev_ws/src/bena/install/bena/share/bena/package.zsh'
[3.650s] Level 1:colcon.colcon_core.environment:create_file_with_runtime_dependencies(/home/datcao/dev_ws/src/bena/install/bena/share/colcon-core/packages/bena)
[3.667s] Level 1:colcon.colcon_core.environment:create_environment_scripts_only(bena)
[3.668s] Level 1:colcon.colcon_core.environment:checking '/home/datcao/dev_ws/src/bena/install/bena' for CMake module files
[3.668s] Level 1:colcon.colcon_core.environment:checking '/home/datcao/dev_ws/src/bena/install/bena' for CMake config files
[3.668s] Level 1:colcon.colcon_core.shell:create_environment_hook('bena', 'cmake_prefix_path')
[3.668s] INFO:colcon.colcon_core.shell:Creating environment hook '/home/datcao/dev_ws/src/bena/install/bena/share/bena/hook/cmake_prefix_path.ps1'
[3.669s] INFO:colcon.colcon_core.shell:Creating environment descriptor '/home/datcao/dev_ws/src/bena/install/bena/share/bena/hook/cmake_prefix_path.dsv'
[3.669s] INFO:colcon.colcon_core.shell:Creating environment hook '/home/datcao/dev_ws/src/bena/install/bena/share/bena/hook/cmake_prefix_path.sh'
[3.670s] Level 1:colcon.colcon_core.environment:checking '/home/datcao/dev_ws/src/bena/install/bena/bin'
[3.670s] Level 1:colcon.colcon_core.environment:checking '/home/datcao/dev_ws/src/bena/install/bena/lib/pkgconfig/bena.pc'
[3.670s] Level 1:colcon.colcon_core.environment:checking '/home/datcao/dev_ws/src/bena/install/bena/lib/python3.8/site-packages'
[3.670s] Level 1:colcon.colcon_core.environment:checking '/home/datcao/dev_ws/src/bena/install/bena/bin'
[3.670s] INFO:colcon.colcon_core.shell:Creating package script '/home/datcao/dev_ws/src/bena/install/bena/share/bena/package.ps1'
[3.671s] INFO:colcon.colcon_core.shell:Creating package descriptor '/home/datcao/dev_ws/src/bena/install/bena/share/bena/package.dsv'
[3.671s] INFO:colcon.colcon_core.shell:Creating package script '/home/datcao/dev_ws/src/bena/install/bena/share/bena/package.sh'
[3.671s] INFO:colcon.colcon_core.shell:Creating package script '/home/datcao/dev_ws/src/bena/install/bena/share/bena/package.bash'
[3.672s] INFO:colcon.colcon_core.shell:Creating package script '/home/datcao/dev_ws/src/bena/install/bena/share/bena/package.zsh'
[3.672s] Level 1:colcon.colcon_core.environment:create_file_with_runtime_dependencies(/home/datcao/dev_ws/src/bena/install/bena/share/colcon-core/packages/bena)
[3.672s] DEBUG:colcon.colcon_parallel_executor.executor.parallel:closing loop
[3.673s] DEBUG:colcon.colcon_parallel_executor.executor.parallel:loop closed
[3.673s] DEBUG:colcon.colcon_parallel_executor.executor.parallel:run_until_complete finished with '0'
[3.673s] DEBUG:colcon.colcon_core.event_reactor:joining thread
[3.693s] INFO:colcon.colcon_core.plugin_system:Skipping extension 'colcon_notification.desktop_notification.terminal_notifier': Not used on non-Darwin systems
[3.693s] INFO:colcon.colcon_core.plugin_system:Skipping extension 'colcon_notification.desktop_notification.win32': Not used on non-Windows systems
[3.693s] INFO:colcon.colcon_notification.desktop_notification:Sending desktop notification using 'notify2'
[3.819s] DEBUG:colcon.colcon_core.event_reactor:joined thread
[3.819s] INFO:colcon.colcon_core.shell:Creating prefix script '/home/datcao/dev_ws/src/bena/install/local_setup.ps1'
[3.821s] INFO:colcon.colcon_core.shell:Creating prefix util module '/home/datcao/dev_ws/src/bena/install/_local_setup_util_ps1.py'
[3.822s] INFO:colcon.colcon_core.shell:Creating prefix chain script '/home/datcao/dev_ws/src/bena/install/setup.ps1'
[3.823s] INFO:colcon.colcon_core.shell:Creating prefix script '/home/datcao/dev_ws/src/bena/install/local_setup.sh'
[3.824s] INFO:colcon.colcon_core.shell:Creating prefix util module '/home/datcao/dev_ws/src/bena/install/_local_setup_util_sh.py'
[3.824s] INFO:colcon.colcon_core.shell:Creating prefix chain script '/home/datcao/dev_ws/src/bena/install/setup.sh'
[3.825s] INFO:colcon.colcon_core.shell:Creating prefix script '/home/datcao/dev_ws/src/bena/install/local_setup.bash'
[3.826s] INFO:colcon.colcon_core.shell:Creating prefix chain script '/home/datcao/dev_ws/src/bena/install/setup.bash'
[3.837s] INFO:colcon.colcon_core.shell:Creating prefix script '/home/datcao/dev_ws/src/bena/install/local_setup.zsh'
[3.838s] INFO:colcon.colcon_core.shell:Creating prefix chain script '/home/datcao/dev_ws/src/bena/install/setup.zsh'
