-- The C compiler identification is GNU 9.4.0
-- The CXX compiler identification is GNU 9.4.0
-- Check for working C compiler: /usr/bin/cc
-- Check for working C compiler: /usr/bin/cc -- works
-- Detecting C compiler ABI info
-- Detecting C compiler ABI info - done
-- Detecting C compile features
-- Detecting C compile features - done
-- Check for working CXX compiler: /usr/bin/c++
-- Check for working CXX compiler: /usr/bin/c++ -- works
-- Detecting CXX compiler ABI info
-- Detecting CXX compiler ABI info - done
-- Detecting CXX compile features
-- Detecting CXX compile features - done
-- Found ament_cmake: 0.9.12 (/opt/ros/foxy/share/ament_cmake/cmake)
-- Found PythonInterp: /usr/bin/python3 (found suitable version "3.8.10", minimum required is "3") 
-- Using PYTHON_EXECUTABLE: /usr/bin/python3
-- Override CMake install command with custom implementation using symlinks instead of copying resources
-- Found ament_lint_auto: 0.9.8 (/opt/ros/foxy/share/ament_lint_auto/cmake)
-- Added test 'copyright' to check source files copyright and LICENSE
-- Added test 'cppcheck' to perform static code analysis on C / C++ code
-- Configured cppcheck include dirs: 
-- Configured cppcheck exclude dirs and/or files: 
-- Added test 'cpplint' to check C / C++ code against the Google style
-- Configured cpplint exclude dirs and/or files: 
-- Added test 'flake8' to check Python code syntax and style conventions
-- Added test 'lint_cmake' to check CMake code style
-- Added test 'pep257' to check Python code against some of the style conventions in PEP 257
-- Added test 'uncrustify' to check C / C++ code style
-- Configured uncrustify additional arguments: 
-- Added test 'xmllint' to check XML markup files
-- Configuring done
-- Generating done
-- Build files have been written to: /home/datcao/dev_ws/src/bena/build/bena
-- Install configuration: ""
-- Execute custom install script
-- Symlinking: /home/datcao/dev_ws/src/bena/install/bena/share/bena/config/empty.yaml
-- Symlinking: /home/datcao/dev_ws/src/bena/install/bena/share/bena/config/map.rviz
-- Symlinking: /home/datcao/dev_ws/src/bena/install/bena/share/bena/config/mapper_params_online_async.yaml
-- Symlinking: /home/datcao/dev_ws/src/bena/install/bena/share/bena/description/bena.urdf.xacro
-- Symlinking: /home/datcao/dev_ws/src/bena/install/bena/share/bena/description/bena_core.xacro
-- Symlinking: /home/datcao/dev_ws/src/bena/install/bena/share/bena/description/gazebo_control.xacro
-- Symlinking: /home/datcao/dev_ws/src/bena/install/bena/share/bena/description/lidar.xacro
-- Symlinking: /home/datcao/dev_ws/src/bena/install/bena/share/bena/description/quan_tinh.xacro
-- Symlinking: /home/datcao/dev_ws/src/bena/install/bena/share/bena/launch/move.py
-- Symlinking: /home/datcao/dev_ws/src/bena/install/bena/share/bena/launch/rsp.launch.py
-- Symlinking: /home/datcao/dev_ws/src/bena/install/bena/share/bena/launch/use_sim_time.launch.py
-- Symlinking: /home/datcao/dev_ws/src/bena/install/bena/share/bena/worlds/empty.world
-- Symlinking: /home/datcao/dev_ws/src/bena/install/bena/share/ament_index/resource_index/package_run_dependencies/bena
-- Symlinking: /home/datcao/dev_ws/src/bena/install/bena/share/ament_index/resource_index/parent_prefix_path/bena
-- Symlinking: /home/datcao/dev_ws/src/bena/install/bena/share/bena/environment/ament_prefix_path.sh
-- Symlinking: /home/datcao/dev_ws/src/bena/install/bena/share/bena/environment/ament_prefix_path.dsv
-- Symlinking: /home/datcao/dev_ws/src/bena/install/bena/share/bena/environment/path.sh
-- Symlinking: /home/datcao/dev_ws/src/bena/install/bena/share/bena/environment/path.dsv
-- Symlinking: /home/datcao/dev_ws/src/bena/install/bena/share/bena/local_setup.bash
-- Symlinking: /home/datcao/dev_ws/src/bena/install/bena/share/bena/local_setup.sh
-- Symlinking: /home/datcao/dev_ws/src/bena/install/bena/share/bena/local_setup.zsh
-- Symlinking: /home/datcao/dev_ws/src/bena/install/bena/share/bena/local_setup.dsv
-- Symlinking: /home/datcao/dev_ws/src/bena/install/bena/share/bena/package.dsv
-- Symlinking: /home/datcao/dev_ws/src/bena/install/bena/share/ament_index/resource_index/packages/bena
-- Symlinking: /home/datcao/dev_ws/src/bena/install/bena/share/bena/cmake/benaConfig.cmake
-- Symlinking: /home/datcao/dev_ws/src/bena/install/bena/share/bena/cmake/benaConfig-version.cmake
-- Symlinking: /home/datcao/dev_ws/src/bena/install/bena/share/bena/package.xml
